<?xml version="1.0" encoding="UTF-8"?>
<!-- Generated by org.testng.reporters.JUnitReportReporter -->
<testsuite hostname="DESKTOP-BFABEKL" failures="0" tests="1" name="admin.Signin" time="1.542" errors="0" timestamp="2025-07-13T16:16:42 IST" skipped="0">
  <testcase classname="admin.Signin" name="loginTest" time="1.542"/>
</testsuite> <!-- admin.Signin -->
