<?xml version="1.0" encoding="UTF-8"?>
<!-- Generated by org.testng.reporters.JUnitReportReporter -->
<testsuite hostname="DESKTOP-BFABEKL" failures="0" tests="2" name="admin.UserRoles" time="2.506" errors="0" timestamp="2025-07-13T16:16:42 IST" skipped="0">
  <testcase classname="admin.UserRoles" name="loginTest" time="1.586"/>
  <testcase classname="admin.UserRoles" name="SelectUserRoles" time="0.920"/>
</testsuite> <!-- admin.UserRoles -->
