<?xml version="1.0" encoding="UTF-8"?>
<!-- Generated by org.testng.reporters.JUnitReportReporter -->
<testsuite hostname="DESKTOP-BFABEKL" failures="0" tests="2" name="admin.UserRoles" time="6.977" errors="0" timestamp="2025-07-21T13:09:54 IST" skipped="0">
  <testcase classname="admin.UserRoles" name="loginTest" time="6.003"/>
  <testcase classname="admin.UserRoles" name="SelectUserRoles" time="0.974"/>
</testsuite> <!-- admin.UserRoles -->
