<?xml version="1.0" encoding="UTF-8"?>
<!-- Generated by org.testng.reporters.JUnitReportReporter -->
<testsuite hostname="DESKTOP-BFABEKL" failures="0" tests="1" name="baseComponent.LaunchBrowser" time="3.640" errors="0" timestamp="2025-07-12T15:10:45 IST" skipped="0">
  <testcase classname="baseComponent.LaunchBrowser" name="initializeBrowser" time="3.640"/>
</testsuite> <!-- baseComponent.LaunchBrowser -->
