<?xml version="1.0" encoding="UTF-8"?>
<!-- Generated by org.testng.reporters.JUnitReportReporter -->
<testsuite hostname="DESKTOP-BFABEKL" failures="0" tests="4" name="admin.Users" time="28.843" errors="0" timestamp="2025-07-22T18:09:28 IST" skipped="0">
  <testcase classname="admin.Users" name="clickAddUserButton" time="2.236"/>
  <testcase classname="admin.Users" name="addUserDetails" time="20.115"/>
  <testcase classname="admin.Users" name="selectUserModule" time="1.121"/>
  <testcase classname="admin.Users" name="loginTest" time="5.371"/>
</testsuite> <!-- admin.Users -->
