<?xml version="1.0" encoding="UTF-8"?>
<!-- Generated by org.testng.reporters.JUnitReportReporter -->
<testsuite hostname="DESKTOP-BFABEKL" failures="0" tests="1" name="admin.Signin" time="5.825" errors="0" timestamp="2025-07-21T13:09:54 IST" skipped="0">
  <testcase classname="admin.Signin" name="loginTest" time="5.825"/>
</testsuite> <!-- admin.Signin -->
